<?xml version="1.0" encoding="UTF-8"?>
<!-- Generated by org.testng.reporters.JUnitReportReporter -->
<testsuite hostname="DESKTOP-UH065KK" failures="0" tests="1" name="com.automation.testcases.VerifyWordpressLogin1" time="6.763" errors="0" timestamp="2022-03-14T22:05:09 MDT" skipped="0">
  <testcase classname="com.automation.testcases.VerifyWordpressLogin1" name="verifyValidLogin" time="6.763"/>
  <system-out/>
</testsuite> <!-- com.automation.testcases.VerifyWordpressLogin1 -->
