<?xml version="1.0" encoding="UTF-8"?>
<!-- Generated by org.testng.reporters.JUnitReportReporter -->
<testsuite hostname="DESKTOP-UH065KK" failures="0" tests="1" name="com.automation.testcases.VerifyWordpressLogin" time="12.982" errors="0" timestamp="2022-04-19T17:07:52 MDT" skipped="0">
  <testcase classname="com.automation.testcases.VerifyWordpressLogin" name="verifyValidLogin" time="12.982"/>
  <system-out/>
</testsuite> <!-- com.automation.testcases.VerifyWordpressLogin -->
